2020-06-02 14:13:25.177  INFO 9500 --- [restartedMain] com.varchar.www.VarcharApplication       : Starting VarcharApplication on DESKTOP-CIH2VB3 with PID 9500 (D:\newSTS\varchar\bin\main started by bitcamp in D:\newSTS\varchar)
2020-06-02 14:13:25.178  INFO 9500 --- [restartedMain] com.varchar.www.VarcharApplication       : No active profile set, falling back to default profiles: default
2020-06-02 14:13:25.393  INFO 9500 --- [restartedMain] o.s.b.w.embedded.tomcat.TomcatWebServer  : Tomcat initialized with port(s): 80 (http)
2020-06-02 14:13:25.394  INFO 9500 --- [restartedMain] o.apache.catalina.core.StandardService   : Starting service [Tomcat]
2020-06-02 14:13:25.394  INFO 9500 --- [restartedMain] org.apache.catalina.core.StandardEngine  : Starting Servlet engine: [Apache Tomcat/9.0.35]
2020-06-02 14:13:25.395  INFO 9500 --- [restartedMain] o.a.catalina.core.AprLifecycleListener   : Loaded Apache Tomcat Native library [1.2.23] using APR version [1.7.0].
2020-06-02 14:13:25.395  INFO 9500 --- [restartedMain] o.a.catalina.core.AprLifecycleListener   : APR capabilities: IPv6 [true], sendfile [true], accept filters [false], random [true].
2020-06-02 14:13:25.395  INFO 9500 --- [restartedMain] o.a.catalina.core.AprLifecycleListener   : APR/OpenSSL configuration: useAprConnector [false], useOpenSSL [true]
2020-06-02 14:13:25.395  INFO 9500 --- [restartedMain] o.a.catalina.core.AprLifecycleListener   : OpenSSL successfully initialized [OpenSSL 1.1.1c  28 May 2019]
2020-06-02 14:13:25.413  INFO 9500 --- [restartedMain] o.a.c.c.C.[Tomcat].[localhost].[/]       : Initializing Spring embedded WebApplicationContext
2020-06-02 14:13:25.414  INFO 9500 --- [restartedMain] o.s.web.context.ContextLoader            : Root WebApplicationContext: initialization completed in 233 ms
2020-06-02 14:13:25.459  INFO 9500 --- [restartedMain] o.s.s.concurrent.ThreadPoolTaskExecutor  : Initializing ExecutorService 'applicationTaskExecutor'
2020-06-02 14:13:25.556  INFO 9500 --- [restartedMain] o.s.b.d.a.OptionalLiveReloadServer       : LiveReload server is running on port 35729
2020-06-02 14:13:25.568  INFO 9500 --- [restartedMain] o.s.b.w.embedded.tomcat.TomcatWebServer  : Tomcat started on port(s): 80 (http) with context path ''
2020-06-02 14:13:25.576  INFO 9500 --- [restartedMain] com.varchar.www.VarcharApplication       : Started VarcharApplication in 0.435 seconds (JVM running for 738.825)
2020-06-02 14:13:25.578  INFO 9500 --- [restartedMain] .ConditionEvaluationDeltaLoggingListener : Condition evaluation unchanged
2020-06-02 14:13:40.910  INFO 8800 --- [main] com.varchar.www.VarcharApplicationTests  : Starting VarcharApplicationTests on DESKTOP-CIH2VB3 with PID 8800 (started by bitcamp in D:\newSTS\varchar)
2020-06-02 14:13:40.911  INFO 8800 --- [main] com.varchar.www.VarcharApplicationTests  : No active profile set, falling back to default profiles: default
2020-06-02 14:13:42.299  INFO 8800 --- [main] o.s.s.concurrent.ThreadPoolTaskExecutor  : Initializing ExecutorService 'applicationTaskExecutor'
2020-06-02 14:13:43.055  INFO 8800 --- [main] com.varchar.www.VarcharApplicationTests  : Started VarcharApplicationTests in 2.501 seconds (JVM running for 3.379)
2020-06-02 14:13:43.609  INFO 8800 --- [main] com.zaxxer.hikari.HikariDataSource       : hikari-cp - Starting...
2020-06-02 14:13:43.961  INFO 8800 --- [main] com.zaxxer.hikari.HikariDataSource       : hikari-cp - Start completed.
2020-06-02 14:13:44.198  INFO 8800 --- [SpringContextShutdownHook] com.zaxxer.hikari.HikariDataSource       : hikari-cp - Shutdown initiated...
2020-06-02 14:13:44.229  INFO 8800 --- [SpringContextShutdownHook] com.zaxxer.hikari.HikariDataSource       : hikari-cp - Shutdown completed.
2020-06-02 14:13:44.230  INFO 8800 --- [SpringContextShutdownHook] o.s.s.concurrent.ThreadPoolTaskExecutor  : Shutting down ExecutorService 'applicationTaskExecutor'
2020-06-02 14:15:44.420  INFO 9500 --- [Thread-335] o.s.s.concurrent.ThreadPoolTaskExecutor  : Shutting down ExecutorService 'applicationTaskExecutor'
2020-06-02 14:15:44.475  INFO 9500 --- [restartedMain] com.varchar.www.VarcharApplication       : Starting VarcharApplication on DESKTOP-CIH2VB3 with PID 9500 (D:\newSTS\varchar\bin\main started by bitcamp in D:\newSTS\varchar)
2020-06-02 14:15:44.475  INFO 9500 --- [restartedMain] com.varchar.www.VarcharApplication       : No active profile set, falling back to default profiles: default
2020-06-02 14:15:44.780  INFO 9500 --- [restartedMain] o.s.b.w.embedded.tomcat.TomcatWebServer  : Tomcat initialized with port(s): 80 (http)
2020-06-02 14:15:44.780  INFO 9500 --- [restartedMain] o.apache.catalina.core.StandardService   : Starting service [Tomcat]
2020-06-02 14:15:44.781  INFO 9500 --- [restartedMain] org.apache.catalina.core.StandardEngine  : Starting Servlet engine: [Apache Tomcat/9.0.35]
2020-06-02 14:15:44.781  INFO 9500 --- [restartedMain] o.a.catalina.core.AprLifecycleListener   : Loaded Apache Tomcat Native library [1.2.23] using APR version [1.7.0].
2020-06-02 14:15:44.781  INFO 9500 --- [restartedMain] o.a.catalina.core.AprLifecycleListener   : APR capabilities: IPv6 [true], sendfile [true], accept filters [false], random [true].
2020-06-02 14:15:44.781  INFO 9500 --- [restartedMain] o.a.catalina.core.AprLifecycleListener   : APR/OpenSSL configuration: useAprConnector [false], useOpenSSL [true]
2020-06-02 14:15:44.781  INFO 9500 --- [restartedMain] o.a.catalina.core.AprLifecycleListener   : OpenSSL successfully initialized [OpenSSL 1.1.1c  28 May 2019]
2020-06-02 14:15:44.798  INFO 9500 --- [restartedMain] o.a.c.c.C.[Tomcat].[localhost].[/]       : Initializing Spring embedded WebApplicationContext
2020-06-02 14:15:44.798  INFO 9500 --- [restartedMain] o.s.web.context.ContextLoader            : Root WebApplicationContext: initialization completed in 321 ms
2020-06-02 14:15:44.849  INFO 9500 --- [restartedMain] o.s.s.concurrent.ThreadPoolTaskExecutor  : Initializing ExecutorService 'applicationTaskExecutor'
2020-06-02 14:15:44.942  INFO 9500 --- [restartedMain] o.s.b.d.a.OptionalLiveReloadServer       : LiveReload server is running on port 35729
2020-06-02 14:15:44.954  INFO 9500 --- [restartedMain] o.s.b.w.embedded.tomcat.TomcatWebServer  : Tomcat started on port(s): 80 (http) with context path ''
2020-06-02 14:15:44.961  INFO 9500 --- [restartedMain] com.varchar.www.VarcharApplication       : Started VarcharApplication in 0.507 seconds (JVM running for 878.21)
2020-06-02 14:15:44.967  INFO 9500 --- [restartedMain] .ConditionEvaluationDeltaLoggingListener : Condition evaluation unchanged
2020-06-02 14:15:50.149  INFO 9072 --- [main] com.varchar.www.VarcharApplicationTests  : Starting VarcharApplicationTests on DESKTOP-CIH2VB3 with PID 9072 (started by bitcamp in D:\newSTS\varchar)
2020-06-02 14:15:50.151  INFO 9072 --- [main] com.varchar.www.VarcharApplicationTests  : No active profile set, falling back to default profiles: default
2020-06-02 14:15:51.829  INFO 9072 --- [main] o.s.s.concurrent.ThreadPoolTaskExecutor  : Initializing ExecutorService 'applicationTaskExecutor'
2020-06-02 14:15:52.693  INFO 9072 --- [main] .s.s.UserDetailsServiceAutoConfiguration : 

Using generated security password: 1cb010d5-89a0-405f-bfcf-f0d0113a9a94

2020-06-02 14:15:52.941  INFO 9072 --- [main] o.s.s.web.DefaultSecurityFilterChain     : Creating filter chain: any request, [org.springframework.security.web.context.request.async.WebAsyncManagerIntegrationFilter@3a0b6a, org.springframework.security.web.context.SecurityContextPersistenceFilter@6870cfac, org.springframework.security.web.header.HeaderWriterFilter@53d6e959, org.springframework.security.web.csrf.CsrfFilter@41aebbb4, org.springframework.security.web.authentication.logout.LogoutFilter@7da1e005, org.springframework.security.web.authentication.UsernamePasswordAuthenticationFilter@19662208, org.springframework.security.web.authentication.ui.DefaultLoginPageGeneratingFilter@37d28938, org.springframework.security.web.authentication.ui.DefaultLogoutPageGeneratingFilter@539c4830, org.springframework.security.web.authentication.www.BasicAuthenticationFilter@756808cc, org.springframework.security.web.savedrequest.RequestCacheAwareFilter@2c9306d3, org.springframework.security.web.servletapi.SecurityContextHolderAwareRequestFilter@50bc3219, org.springframework.security.web.authentication.AnonymousAuthenticationFilter@6f1fa1d0, org.springframework.security.web.session.SessionManagementFilter@251c90f, org.springframework.security.web.access.ExceptionTranslationFilter@2bd8f7db, org.springframework.security.web.access.intercept.FilterSecurityInterceptor@32ae8f27]
2020-06-02 14:15:53.109  INFO 9072 --- [main] com.varchar.www.VarcharApplicationTests  : Started VarcharApplicationTests in 3.471 seconds (JVM running for 4.44)
2020-06-02 14:15:53.682  INFO 9072 --- [main] com.zaxxer.hikari.HikariDataSource       : hikari-cp - Starting...
2020-06-02 14:15:54.002  INFO 9072 --- [main] com.zaxxer.hikari.HikariDataSource       : hikari-cp - Start completed.
2020-06-02 14:15:54.227  INFO 9072 --- [SpringContextShutdownHook] com.zaxxer.hikari.HikariDataSource       : hikari-cp - Shutdown initiated...
2020-06-02 14:15:54.267  INFO 9072 --- [SpringContextShutdownHook] com.zaxxer.hikari.HikariDataSource       : hikari-cp - Shutdown completed.
2020-06-02 14:15:54.268  INFO 9072 --- [SpringContextShutdownHook] o.s.s.concurrent.ThreadPoolTaskExecutor  : Shutting down ExecutorService 'applicationTaskExecutor'
2020-06-02 14:16:11.607  INFO 9500 --- [Thread-501] o.s.s.concurrent.ThreadPoolTaskExecutor  : Shutting down ExecutorService 'applicationTaskExecutor'
